<?xml version="1.0" encoding="utf-8"?><testsuites name="pytest tests"><testsuite name="pytest" errors="0" failures="0" skipped="0" tests="11" time="0.460" timestamp="2026-06-12T22:39:29.103118+03:00" hostname="MrSody"><testcase classname="tests.test_env" name="test_env_creation" time="0.001" /><testcase classname="tests.test_env" name="test_reset_returns_valid_obs" time="0.001" /><testcase classname="tests.test_env" name="test_step_with_zeros" time="0.001" /><testcase classname="tests.test_env" name="test_step_with_full_throttle" time="0.001" /><testcase classname="tests.test_env" name="test_action_clipping" time="0.001" /><testcase classname="tests.test_env" name="test_checkpoint_reached" time="0.001" /><testcase classname="tests.test_env" name="test_out_of_bounds" time="0.001" /><testcase classname="tests.test_env" name="test_below_ground" time="0.001" /><testcase classname="tests.test_env" name="test_max_steps_truncation" time="0.001" /><testcase classname="tests.test_env" name="test_full_race_possible" time="0.002" /><testcase classname="tests.test_env" name="test_gymnasium_check_env" time="0.003" /></testsuite></testsuites>